[LOG] System::create                           : Header version = 2.02.23. Current version = 2.02.23.
[LOG] Manager::init                            : maxchannels = 256 studioflags = 00000006 flags 00000000 extradriverdata 0000000000000000.
[LOG] SystemI::init                            : Initialize version=20223 (144645), maxchannels=256, flags=0x00020000
[LOG] SystemI::setOutputInternal               : Setting output to 'FMOD WASAPI Output'
[LOG] OutputWASAPI::init                       : Mix Format (WAVEFORMATEX): wFormatTag=0xFFFE, nChannels=8, nSamplesPerSec=48000, nAvgBytesPerSec=1536000, nBlockAlign=32, wBitsPerSample=32, cbSize=22.
[LOG] OutputWASAPI::init                       : Mix Format (WAVEFORMATEXTENSIBLE): wValidBitsPerSample=32, dwChannelMask=0x0000063F, SubFormat=00000003-0000-0010-8000-00AA00389B71.
[LOG] OutputWASAPI::init                       : Output buffer size: 4096 samples, latency: 0.00ms, period: 10.00ms, DSP buffer: 1024 * 4
[LOG] DownMix::init                            : dspbuffersize: 1024  rate: 48000. output speaker mode: 7, input speaker mode 3
[LOG] DownMix::init                            : done.
[LOG] Thread::initThread                       : Init FMOD stream thread. Affinity: 0x4000000000000003, Priority: 0xFFFF7FFB, Stack Size: 98304, Semaphore: No, Sleep Time: 10, Looping: Yes.
[LOG] Thread::initThread                       : Init FMOD mixer thread. Affinity: 0x4000000000000001, Priority: 0xFFFF7FFA, Stack Size: 81920, Semaphore: No, Sleep Time: 0, Looping: Yes.
[LOG] AsyncManager::init                       : manager 000002A652AE3F48 isAsync 0 updatePeriod 0.02
[LOG] AsyncManager::init                       : done
[LOG] PlaybackSystem::init                     : 
[LOG] Thread::initThread                       : Init FMOD Studio sample load thread. Affinity: 0x4000000000000003, Priority: 0xFFFF7FFD, Stack Size: 98304, Semaphore: No, Sleep Time: 1, Looping: No.
[LOG] PlaybackSystem::init                     : done
[LOG] Thread::initThread                       : Init FMOD Studio bank load thread. Affinity: 0x4000000000000003, Priority: 0xFFFF7FFD, Stack Size: 98304, Semaphore: No, Sleep Time: 1, Looping: No.
[LOG] Manager::init                            : done.
[LOG] Manager::readBank                        : fileversion = 142, compatVersion = 140 (oldest = 44, newest = 142)
[LOG] Manager::readBank                        : fileversion = 142, compatVersion = 140 (oldest = 44, newest = 142)
[LOG] Manager::readBank                        : fileversion = 142, compatVersion = 140 (oldest = 44, newest = 142)
[LOG] PlaybackSystem::acquireMasterBus         : Setting master channel group format to 6
[LOG] SystemI::createSoundInternal             : Create name='', mode=0x02000202
[LOG] SystemI::createSoundInternal             : exinfo->cbsize             = 224
[LOG] SystemI::createSoundInternal             : exinfo->length             = 234560
[LOG] SystemI::createSoundInternal             : exinfo->fileoffset         = 7136
[LOG] SystemI::createSoundInternal             : exinfo->numsubsounds       = 1
[LOG] SystemI::createSoundInternal             : exinfo->inclusionlist      = 000000D15358F198
[LOG] SystemI::createSoundInternal             : exinfo->inclusionlistnum   = 1
[LOG] SystemI::createSoundInternal             : exinfo->suggestedsoundtype = 5
[LOG] SystemI::createSoundInternal             : exinfo->useropen           = 00007FF9D85A4130
[LOG] SystemI::createSoundInternal             : exinfo->userclose          = 00007FF9D85A40F0
[LOG] SystemI::createSoundInternal             : exinfo->userread           = 00007FF9D85A4210
[LOG] SystemI::createSoundInternal             : exinfo->userseek           = 00007FF9D85A42D0
[LOG] SystemI::createSoundInternal             : exinfo->fileuserdata       = 000002A5A1553248
[LOG] SystemI::createSoundInternal             : exinfo->initialseekpostype = 1
[LOG] SystemI::DSPCodecPoolRegister            : register codec pool for pool type 5
[LOG] SystemI::createSoundInternal             : Sample 0/1: name='Player_Footstep_05', format=5, channels=1, frequency=48000, lengthbytes=2784, lengthpcm=16002, pcmblocksize=0, loopstart=0, loopend=0, mode=0x00000000, channelmask=0x00000000, channelorder=0, peakvolume=0.429398.
[LOG] SystemI::createSoundInternal             : Create name='', mode=0x02000202
[LOG] SystemI::createSoundInternal             : exinfo->cbsize             = 224
[LOG] SystemI::createSoundInternal             : exinfo->length             = 234560
[LOG] SystemI::createSoundInternal             : exinfo->fileoffset         = 7136
[LOG] SystemI::createSoundInternal             : exinfo->numsubsounds       = 1
[LOG] SystemI::createSoundInternal             : exinfo->inclusionlist      = 000000D15358F198
[LOG] SystemI::createSoundInternal             : exinfo->inclusionlistnum   = 1
[LOG] SystemI::createSoundInternal             : exinfo->suggestedsoundtype = 5
[LOG] SystemI::createSoundInternal             : exinfo->useropen           = 00007FF9D85A4130
[LOG] SystemI::createSoundInternal             : exinfo->userclose          = 00007FF9D85A40F0
[LOG] SystemI::createSoundInternal             : exinfo->userread           = 00007FF9D85A4210
[LOG] SystemI::createSoundInternal             : exinfo->userseek           = 00007FF9D85A42D0
[LOG] SystemI::createSoundInternal             : exinfo->fileuserdata       = 000002A5A1553248
[LOG] SystemI::createSoundInternal             : exinfo->initialseekpostype = 1
[LOG] SystemI::DSPCodecPoolRegister            : register codec pool for pool type 5
[LOG] SystemI::createSoundInternal             : Sample 0/1: name='Player_Footstep_09', format=5, channels=1, frequency=48000, lengthbytes=2784, lengthpcm=16600, pcmblocksize=0, loopstart=0, loopend=0, mode=0x00000000, channelmask=0x00000000, channelorder=0, peakvolume=0.481730.
[LOG] SystemI::createSoundInternal             : Create name='', mode=0x02000202
[LOG] SystemI::createSoundInternal             : exinfo->cbsize             = 224
[LOG] SystemI::createSoundInternal             : exinfo->length             = 234560
[LOG] SystemI::createSoundInternal             : exinfo->fileoffset         = 7136
[LOG] SystemI::createSoundInternal             : exinfo->numsubsounds       = 1
[LOG] SystemI::createSoundInternal             : exinfo->inclusionlist      = 000000D15358F198
[LOG] SystemI::createSoundInternal             : exinfo->inclusionlistnum   = 1
[LOG] SystemI::createSoundInternal             : exinfo->suggestedsoundtype = 5
[LOG] SystemI::createSoundInternal             : exinfo->useropen           = 00007FF9D85A4130
[LOG] SystemI::createSoundInternal             : exinfo->userclose          = 00007FF9D85A40F0
[LOG] SystemI::createSoundInternal             : exinfo->userread           = 00007FF9D85A4210
[LOG] SystemI::createSoundInternal             : exinfo->userseek           = 00007FF9D85A42D0
[LOG] SystemI::createSoundInternal             : exinfo->fileuserdata       = 000002A5A1553248
[LOG] SystemI::createSoundInternal             : exinfo->initialseekpostype = 1
[LOG] SystemI::DSPCodecPoolRegister            : register codec pool for pool type 5
[LOG] SystemI::createSoundInternal             : Sample 0/1: name='Player_Footstep_04', format=5, channels=1, frequency=48000, lengthbytes=2848, lengthpcm=15858, pcmblocksize=0, loopstart=0, loopend=0, mode=0x00000000, channelmask=0x00000000, channelorder=0, peakvolume=0.887275.
[LOG] SystemI::createSoundInternal             : Create name='', mode=0x02000202
[LOG] SystemI::createSoundInternal             : exinfo->cbsize             = 224
[LOG] SystemI::createSoundInternal             : exinfo->length             = 234560
[LOG] SystemI::createSoundInternal             : exinfo->fileoffset         = 7136
[LOG] SystemI::createSoundInternal             : exinfo->numsubsounds       = 1
[LOG] SystemI::createSoundInternal             : exinfo->inclusionlist      = 000000D15358F198
[LOG] SystemI::createSoundInternal             : exinfo->inclusionlistnum   = 1
[LOG] SystemI::createSoundInternal             : exinfo->suggestedsoundtype = 5
[LOG] SystemI::createSoundInternal             : exinfo->useropen           = 00007FF9D85A4130
[LOG] SystemI::createSoundInternal             : exinfo->userclose          = 00007FF9D85A40F0
[LOG] SystemI::createSoundInternal             : exinfo->userread           = 00007FF9D85A4210
[LOG] SystemI::createSoundInternal             : exinfo->userseek           = 00007FF9D85A42D0
[LOG] SystemI::createSoundInternal             : exinfo->fileuserdata       = 000002A5A1553248
[LOG] SystemI::createSoundInternal             : exinfo->initialseekpostype = 1
[LOG] SystemI::DSPCodecPoolRegister            : register codec pool for pool type 5
[LOG] SystemI::createSoundInternal             : Sample 0/1: name='Player_Footstep_03', format=5, channels=1, frequency=48000, lengthbytes=2400, lengthpcm=14474, pcmblocksize=0, loopstart=0, loopend=0, mode=0x00000000, channelmask=0x00000000, channelorder=0, peakvolume=0.355284.
[LOG] SystemI::createSoundInternal             : Create name='', mode=0x02000202
[LOG] SystemI::createSoundInternal             : exinfo->cbsize             = 224
[LOG] SystemI::createSoundInternal             : exinfo->length             = 234560
[LOG] SystemI::createSoundInternal             : exinfo->fileoffset         = 7136
[LOG] SystemI::createSoundInternal             : exinfo->numsubsounds       = 1
[LOG] SystemI::createSoundInternal             : exinfo->inclusionlist      = 000000D15358F198
[LOG] SystemI::createSoundInternal             : exinfo->inclusionlistnum   = 1
[LOG] SystemI::createSoundInternal             : exinfo->suggestedsoundtype = 5
[LOG] SystemI::createSoundInternal             : exinfo->useropen           = 00007FF9D85A4130
[LOG] SystemI::createSoundInternal             : exinfo->userclose          = 00007FF9D85A40F0
[LOG] SystemI::createSoundInternal             : exinfo->userread           = 00007FF9D85A4210
[LOG] SystemI::createSoundInternal             : exinfo->userseek           = 00007FF9D85A42D0
[LOG] SystemI::createSoundInternal             : exinfo->fileuserdata       = 000002A5A1553248
[LOG] SystemI::createSoundInternal             : exinfo->initialseekpostype = 1
[LOG] SystemI::DSPCodecPoolRegister            : register codec pool for pool type 5
[LOG] SystemI::createSoundInternal             : Sample 0/1: name='Player_Footstep_06', format=5, channels=1, frequency=48000, lengthbytes=2560, lengthpcm=14934, pcmblocksize=0, loopstart=0, loopend=0, mode=0x00000000, channelmask=0x00000000, channelorder=0, peakvolume=0.389554.
[LOG] SystemI::createSoundInternal             : Create name='', mode=0x02000202
[LOG] SystemI::createSoundInternal             : exinfo->cbsize             = 224
[LOG] SystemI::createSoundInternal             : exinfo->length             = 234560
[LOG] SystemI::createSoundInternal             : exinfo->fileoffset         = 7136
[LOG] SystemI::createSoundInternal             : exinfo->numsubsounds       = 1
[LOG] SystemI::createSoundInternal             : exinfo->inclusionlist      = 000000D15358F198
[LOG] SystemI::createSoundInternal             : exinfo->inclusionlistnum   = 1
[LOG] SystemI::createSoundInternal             : exinfo->suggestedsoundtype = 5
[LOG] SystemI::createSoundInternal             : exinfo->useropen           = 00007FF9D85A4130
[LOG] SystemI::createSoundInternal             : exinfo->userclose          = 00007FF9D85A40F0
[LOG] SystemI::createSoundInternal             : exinfo->userread           = 00007FF9D85A4210
[LOG] SystemI::createSoundInternal             : exinfo->userseek           = 00007FF9D85A42D0
[LOG] SystemI::createSoundInternal             : exinfo->fileuserdata       = 000002A5A1553248
[LOG] SystemI::createSoundInternal             : exinfo->initialseekpostype = 1
[LOG] SystemI::DSPCodecPoolRegister            : register codec pool for pool type 5
[LOG] SystemI::createSoundInternal             : Sample 0/1: name='Player_Footstep_08', format=5, channels=1, frequency=48000, lengthbytes=2688, lengthpcm=15357, pcmblocksize=0, loopstart=0, loopend=0, mode=0x00000000, channelmask=0x00000000, channelorder=0, peakvolume=0.426495.
[LOG] SystemI::createSoundInternal             : Create name='', mode=0x02000202
[LOG] SystemI::createSoundInternal             : exinfo->cbsize             = 224
[LOG] SystemI::createSoundInternal             : exinfo->length             = 234560
[LOG] SystemI::createSoundInternal             : exinfo->fileoffset         = 7136
[LOG] SystemI::createSoundInternal             : exinfo->numsubsounds       = 1
[LOG] SystemI::createSoundInternal             : exinfo->inclusionlist      = 000000D15358F198
[LOG] SystemI::createSoundInternal             : exinfo->inclusionlistnum   = 1
[LOG] SystemI::createSoundInternal             : exinfo->suggestedsoundtype = 5
[LOG] SystemI::createSoundInternal             : exinfo->useropen           = 00007FF9D85A4130
[LOG] SystemI::createSoundInternal             : exinfo->userclose          = 00007FF9D85A40F0
[LOG] SystemI::createSoundInternal             : exinfo->userread           = 00007FF9D85A4210
[LOG] SystemI::createSoundInternal             : exinfo->userseek           = 00007FF9D85A42D0
[LOG] SystemI::createSoundInternal             : exinfo->fileuserdata       = 000002A5A1553248
[LOG] SystemI::createSoundInternal             : exinfo->initialseekpostype = 1
[LOG] SystemI::DSPCodecPoolRegister            : register codec pool for pool type 5
[LOG] SystemI::createSoundInternal             : Sample 0/1: name='Player_Footstep_01', format=5, channels=1, frequency=48000, lengthbytes=2176, lengthpcm=12688, pcmblocksize=0, loopstart=0, loopend=0, mode=0x00000000, channelmask=0x00000000, channelorder=0, peakvolume=0.357230.
[LOG] SystemI::createSoundInternal             : Create name='', mode=0x02000202
[LOG] SystemI::createSoundInternal             : exinfo->cbsize             = 224
[LOG] SystemI::createSoundInternal             : exinfo->length             = 234560
[LOG] SystemI::createSoundInternal             : exinfo->fileoffset         = 7136
[LOG] SystemI::createSoundInternal             : exinfo->numsubsounds       = 1
[LOG] SystemI::createSoundInternal             : exinfo->inclusionlist      = 000000D15358F198
[LOG] SystemI::createSoundInternal             : exinfo->inclusionlistnum   = 1
[LOG] SystemI::createSoundInternal             : exinfo->suggestedsoundtype = 5
[LOG] SystemI::createSoundInternal             : exinfo->useropen           = 00007FF9D85A4130
[LOG] SystemI::createSoundInternal             : exinfo->userclose          = 00007FF9D85A40F0
[LOG] SystemI::createSoundInternal             : exinfo->userread           = 00007FF9D85A4210
[LOG] SystemI::createSoundInternal             : exinfo->userseek           = 00007FF9D85A42D0
[LOG] SystemI::createSoundInternal             : exinfo->fileuserdata       = 000002A5A1553248
[LOG] SystemI::createSoundInternal             : exinfo->initialseekpostype = 1
[LOG] SystemI::DSPCodecPoolRegister            : register codec pool for pool type 5
[LOG] SystemI::createSoundInternal             : Sample 0/1: name='Player_Footstep_10', format=5, channels=1, frequency=48000, lengthbytes=2592, lengthpcm=15435, pcmblocksize=0, loopstart=0, loopend=0, mode=0x00000000, channelmask=0x00000000, channelorder=0, peakvolume=0.446610.
[LOG] SystemI::createSoundInternal             : Create name='', mode=0x02000202
[LOG] SystemI::createSoundInternal             : exinfo->cbsize             = 224
[LOG] SystemI::createSoundInternal             : exinfo->length             = 234560
[LOG] SystemI::createSoundInternal             : exinfo->fileoffset         = 7136
[LOG] SystemI::createSoundInternal             : exinfo->numsubsounds       = 1
[LOG] SystemI::createSoundInternal             : exinfo->inclusionlist      = 000000D15358F198
[LOG] SystemI::createSoundInternal             : exinfo->inclusionlistnum   = 1
[LOG] SystemI::createSoundInternal             : exinfo->suggestedsoundtype = 5
[LOG] SystemI::createSoundInternal             : exinfo->useropen           = 00007FF9D85A4130
[LOG] SystemI::createSoundInternal             : exinfo->userclose          = 00007FF9D85A40F0
[LOG] SystemI::createSoundInternal             : exinfo->userread           = 00007FF9D85A4210
[LOG] SystemI::createSoundInternal             : exinfo->userseek           = 00007FF9D85A42D0
[LOG] SystemI::createSoundInternal             : exinfo->fileuserdata       = 000002A5A1553248
[LOG] SystemI::createSoundInternal             : exinfo->initialseekpostype = 1
[LOG] SystemI::DSPCodecPoolRegister            : register codec pool for pool type 5
[LOG] SystemI::createSoundInternal             : Sample 0/1: name='Player_Footstep_02', format=5, channels=1, frequency=48000, lengthbytes=2336, lengthpcm=13134, pcmblocksize=0, loopstart=0, loopend=0, mode=0x00000000, channelmask=0x00000000, channelorder=0, peakvolume=0.311090.
[LOG] SystemI::createSoundInternal             : Create name='', mode=0x02000202
[LOG] SystemI::createSoundInternal             : exinfo->cbsize             = 224
[LOG] SystemI::createSoundInternal             : exinfo->length             = 234560
[LOG] SystemI::createSoundInternal             : exinfo->fileoffset         = 7136
[LOG] SystemI::createSoundInternal             : exinfo->numsubsounds       = 1
[LOG] SystemI::createSoundInternal             : exinfo->inclusionlist      = 000000D15358F198
[LOG] SystemI::createSoundInternal             : exinfo->inclusionlistnum   = 1
[LOG] SystemI::createSoundInternal             : exinfo->suggestedsoundtype = 5
[LOG] SystemI::createSoundInternal             : exinfo->useropen           = 00007FF9D85A4130
[LOG] SystemI::createSoundInternal             : exinfo->userclose          = 00007FF9D85A40F0
[LOG] SystemI::createSoundInternal             : exinfo->userread           = 00007FF9D85A4210
[LOG] SystemI::createSoundInternal             : exinfo->userseek           = 00007FF9D85A42D0
[LOG] SystemI::createSoundInternal             : exinfo->fileuserdata       = 000002A5A1553248
[LOG] SystemI::createSoundInternal             : exinfo->initialseekpostype = 1
[LOG] SystemI::DSPCodecPoolRegister            : register codec pool for pool type 5
[LOG] SystemI::createSoundInternal             : Sample 0/1: name='Player_Footstep_07', format=5, channels=1, frequency=48000, lengthbytes=2368, lengthpcm=14174, pcmblocksize=0, loopstart=0, loopend=0, mode=0x00000000, channelmask=0x00000000, channelorder=0, peakvolume=0.335598.
[LOG] SystemI::mixerSuspend                    : Suspending output.
[LOG] SystemI::mixerResume                     : Resuming output.
[LOG] AsyncThread::add                         : add sound to async queue : soundi = 000002A5AF4D7078, queue head = 000002A6CB548EE8, queue count = 0
[LOG] AsyncThread::threadFunc                  : Starting Asynchronous operation on sound 000002A5AF4D7078
[LOG] AsyncThread::threadFunc                  : Finished Asynchronous operation on sound 000002A5AF4D7078
[LOG] SoundI::release                          : Children Playing - Ambience Loop - 16s (000002A5A213AA48)
[LOG] SoundI::release                          :     Children Playing - Ambience Loop - 16s (000002A5A1743098)
[LOG] SoundI::release                          :     Children Playing - Ambience Loop - 16s (000002A5AF4D7078)
[LOG] SoundI::release                          :  (000002A6F86E92C8)
[LOG] SoundI::release                          :     Player_Footstep_01 (000002A651F1B8B8)
[LOG] SoundI::release                          :  (000002A6F86E8018)
[LOG] SoundI::release                          :     Player_Footstep_02 (000002A651F1B238)
[LOG] SoundI::release                          :  (000002A6F86E8D08)
[LOG] SoundI::release                          :     Player_Footstep_03 (000002A57D257728)
[LOG] SoundI::release                          :  (000002A6F86EAF88)
[LOG] SoundI::release                          :     Player_Footstep_04 (000002A57D257A68)
[LOG] SoundI::release                          :  (000002A6F86E9FB8)
[LOG] SoundI::release                          :     Player_Footstep_05 (000002A5A2CF7898)
[LOG] SoundI::release                          :  (000002A6F86E88B8)
[LOG] SoundI::release                          :     Player_Footstep_06 (000002A57D257DA8)
[LOG] SoundI::release                          :  (000002A6F86E64C8)
[LOG] SoundI::release                          :     Player_Footstep_07 (000002A651F1B098)
[LOG] SoundI::release                          :  (000002A6F86E6078)
[LOG] SoundI::release                          :     Player_Footstep_08 (000002A651F1BD98)
[LOG] SoundI::release                          :  (000002A6F86EA578)
[LOG] SoundI::release                          :     Player_Footstep_09 (000002A57D257C08)
[LOG] SoundI::release                          :  (000002A6F86E7D38)
[LOG] SoundI::release                          :     Player_Footstep_10 (000002A651F1B718)
[LOG] Thread::callback                         : FMOD Studio update thread finished.
[LOG] Thread::callback                         : FMOD Studio bank load thread finished.
[LOG] Profile::disconnectAll                   : Profiler disconnecting all clients
[LOG] Thread::callback                         : FMOD Studio sample load thread finished.
[LOG] LiveUpdate::release                      : 
[LOG] LiveUpdate::reset                        : Reset connection (reason Disconnected)
[LOG] Thread::callback                         : FMOD stream thread finished.
[LOG] Thread::callback                         : FMOD mixer thread finished.
[LOG] Profile::disconnectAll                   : Profiler disconnecting all clients
[LOG] SystemI::close                           : Closed.
[LOG] Thread::callback                         : FMOD Studio bank load thread finished.
[LOG] Thread::callback                         : FMOD Studio sample load thread finished.
[LOG] LiveUpdate::release                      : 
[LOG] LiveUpdate::reset                        : Reset connection (reason Disconnected)
[LOG] Thread::callback                         : FMOD stream thread finished.
[LOG] Thread::callback                         : FMOD mixer thread finished.
[LOG] SystemI::close                           : Closed.
[LOG] Thread::callback                         : FMOD nonblocking thread (0) finished.
[LOG] Thread::callback                         : FMOD file thread finished.
